2024-07-27 13:39:58,761 INFO Starting UNet training
2024-07-27 13:44:16,507 INFO Using device: mps
2024-07-27 13:44:16,507 INFO Starting UNet training
2024-07-27 14:26:49,002 INFO Using device: mps
2024-07-27 14:26:49,002 INFO Starting UNet training
2024-07-27 15:07:17,591 INFO Epoch 1/5
2024-07-27 15:07:17,600 INFO Train Loss: 0.6671, Train Dice: 0.2860
2024-07-27 15:07:17,600 INFO Val Loss: 0.6564, Val Dice: 0.3416
2024-07-27 15:07:18,426 INFO New best model saved with Dice score: 0.3416
2024-07-27 15:17:27,365 INFO Using device: mps
2024-07-27 15:17:27,365 INFO Starting UNet training
2024-07-27 15:22:02,172 INFO Using device: mps
2024-07-27 15:22:13,847 INFO Using device: mps
2024-07-27 15:22:13,847 INFO Starting UNet training
2024-07-27 15:33:09,766 INFO Using device: mps
2024-07-27 15:33:09,766 INFO Starting UNet training
2024-07-27 15:34:27,458 INFO Using device: mps
2024-07-27 15:34:27,458 INFO Starting UNet training
2024-07-27 15:35:07,409 INFO Using device: mps
2024-07-27 15:35:07,409 INFO Starting UNet training
2024-07-27 15:44:24,880 INFO Epoch 1/5
2024-07-27 15:44:24,881 INFO Train Loss: 0.5586, Train Dice: 0.6373
2024-07-27 15:44:24,881 INFO Val Loss: 0.5027, Val Dice: 0.7040
2024-07-27 15:44:25,319 INFO New best model saved with Dice score: 0.7040
2024-07-27 15:54:13,354 INFO Epoch 2/5
2024-07-27 15:54:13,355 INFO Train Loss: 0.5083, Train Dice: 0.6921
2024-07-27 15:54:13,355 INFO Val Loss: 0.4272, Val Dice: 0.7466
2024-07-27 15:54:13,786 INFO New best model saved with Dice score: 0.7466
2024-07-27 16:03:24,863 INFO Epoch 3/5
2024-07-27 16:03:24,864 INFO Train Loss: 0.4895, Train Dice: 0.7055
2024-07-27 16:03:24,864 INFO Val Loss: 0.4167, Val Dice: 0.7775
2024-07-27 16:03:25,291 INFO New best model saved with Dice score: 0.7775
2024-07-27 16:13:30,265 INFO Epoch 4/5
2024-07-27 16:13:30,266 INFO Train Loss: 0.4789, Train Dice: 0.7155
2024-07-27 16:13:30,266 INFO Val Loss: 0.4077, Val Dice: 0.7658
2024-07-27 16:22:43,933 INFO Epoch 5/5
2024-07-27 16:22:43,934 INFO Train Loss: 0.4736, Train Dice: 0.7190
2024-07-27 16:22:43,934 INFO Val Loss: 0.3868, Val Dice: 0.7722
2024-07-27 16:28:01,170 INFO Using device: mps
2024-07-27 16:28:01,170 INFO Starting UNet training
2024-07-27 16:36:42,941 INFO Epoch 1/3
2024-07-27 16:36:42,941 INFO Train Loss: 0.5629, Train Dice: 0.6098
2024-07-27 16:36:42,941 INFO Val Loss: 0.4986, Val Dice: 0.7087
2024-07-27 16:36:43,380 INFO New best model saved with Dice score: 0.7087
2024-07-27 16:49:59,451 INFO Epoch 2/3
2024-07-27 16:49:59,451 INFO Train Loss: 0.5173, Train Dice: 0.6848
2024-07-27 16:49:59,451 INFO Val Loss: 0.4563, Val Dice: 0.7430
2024-07-27 16:49:59,868 INFO New best model saved with Dice score: 0.7430
2024-07-27 16:58:41,827 INFO Epoch 3/3
2024-07-27 16:58:41,827 INFO Train Loss: 0.5029, Train Dice: 0.6962
2024-07-27 16:58:41,828 INFO Val Loss: 0.4445, Val Dice: 0.7362
2024-07-27 16:58:41,981 INFO Starting ResNet34-UNet training
2024-07-27 17:01:42,726 INFO Epoch 1/3
2024-07-27 17:01:42,726 INFO Train Loss: 0.5233, Train Dice: 0.6696
2024-07-27 17:01:42,726 INFO Val Loss: 0.4915, Val Dice: 0.7246
2024-07-27 17:01:43,409 INFO New best model saved with Dice score: 0.7246
2024-07-27 17:04:43,316 INFO Epoch 2/3
2024-07-27 17:04:43,317 INFO Train Loss: 0.4959, Train Dice: 0.6987
2024-07-27 17:04:43,317 INFO Val Loss: 0.4582, Val Dice: 0.7294
2024-07-27 17:04:43,785 INFO New best model saved with Dice score: 0.7294
2024-07-27 17:07:44,111 INFO Epoch 3/3
2024-07-27 17:07:44,111 INFO Train Loss: 0.4821, Train Dice: 0.7101
2024-07-27 17:07:44,111 INFO Val Loss: 0.4244, Val Dice: 0.7699
2024-07-27 17:07:44,579 INFO New best model saved with Dice score: 0.7699
2024-07-27 17:07:44,635 INFO Training completed
2024-07-27 17:29:29,712 INFO Using device: mps
2024-07-27 17:29:29,712 INFO Starting UNet training
2024-07-27 17:38:11,044 INFO Epoch 1/20
2024-07-27 17:38:11,044 INFO Train Loss: 0.5588, Train Dice: 0.6275
2024-07-27 17:38:11,045 INFO Val Loss: 0.4978, Val Dice: 0.6997
2024-07-27 17:38:11,475 INFO New best model saved with Dice score: 0.6997
2024-07-27 17:47:05,362 INFO Epoch 2/20
2024-07-27 17:47:05,362 INFO Train Loss: 0.5058, Train Dice: 0.6952
2024-07-27 17:47:05,362 INFO Val Loss: 0.4427, Val Dice: 0.7529
2024-07-27 17:47:05,794 INFO New best model saved with Dice score: 0.7529
2024-07-27 17:55:47,716 INFO Epoch 3/20
2024-07-27 17:55:47,717 INFO Train Loss: 0.4945, Train Dice: 0.7045
2024-07-27 17:55:47,717 INFO Val Loss: 0.4301, Val Dice: 0.7567
2024-07-27 17:55:48,141 INFO New best model saved with Dice score: 0.7567
2024-07-27 18:04:29,401 INFO Epoch 4/20
2024-07-27 18:04:29,401 INFO Train Loss: 0.4850, Train Dice: 0.7112
2024-07-27 18:04:29,401 INFO Val Loss: 0.4098, Val Dice: 0.7756
2024-07-27 18:04:29,827 INFO New best model saved with Dice score: 0.7756
2024-07-27 18:13:11,489 INFO Epoch 5/20
2024-07-27 18:13:11,489 INFO Train Loss: 0.4733, Train Dice: 0.7213
2024-07-27 18:13:11,490 INFO Val Loss: 0.3956, Val Dice: 0.7910
2024-07-27 18:13:11,917 INFO New best model saved with Dice score: 0.7910
2024-07-27 18:21:53,675 INFO Epoch 6/20
2024-07-27 18:21:53,675 INFO Train Loss: 0.4682, Train Dice: 0.7261
2024-07-27 18:21:53,676 INFO Val Loss: 0.3904, Val Dice: 0.7892
2024-07-27 18:30:31,859 INFO Epoch 7/20
2024-07-27 18:30:31,859 INFO Train Loss: 0.4560, Train Dice: 0.7346
2024-07-27 18:30:31,859 INFO Val Loss: 0.3600, Val Dice: 0.8100
2024-07-27 18:30:32,286 INFO New best model saved with Dice score: 0.8100
2024-07-27 18:39:10,199 INFO Epoch 8/20
2024-07-27 18:39:10,199 INFO Train Loss: 0.4409, Train Dice: 0.7435
2024-07-27 18:39:10,199 INFO Val Loss: 0.3522, Val Dice: 0.8209
2024-07-27 18:39:10,623 INFO New best model saved with Dice score: 0.8209
2024-07-27 18:47:48,929 INFO Epoch 9/20
2024-07-27 18:47:48,930 INFO Train Loss: 0.4283, Train Dice: 0.7502
2024-07-27 18:47:48,930 INFO Val Loss: 0.3349, Val Dice: 0.8342
2024-07-27 18:47:49,389 INFO New best model saved with Dice score: 0.8342
2024-07-27 18:56:28,077 INFO Epoch 10/20
2024-07-27 18:56:28,077 INFO Train Loss: 0.4180, Train Dice: 0.7577
2024-07-27 18:56:28,078 INFO Val Loss: 0.3445, Val Dice: 0.8355
2024-07-27 18:56:28,506 INFO New best model saved with Dice score: 0.8355
2024-07-27 19:05:07,527 INFO Epoch 11/20
2024-07-27 19:05:07,528 INFO Train Loss: 0.4159, Train Dice: 0.7557
2024-07-27 19:05:07,528 INFO Val Loss: 0.3298, Val Dice: 0.8348
2024-07-27 19:13:45,686 INFO Epoch 12/20
2024-07-27 19:13:45,686 INFO Train Loss: 0.4097, Train Dice: 0.7615
2024-07-27 19:13:45,686 INFO Val Loss: 0.3150, Val Dice: 0.8414
2024-07-27 19:13:46,116 INFO New best model saved with Dice score: 0.8414
2024-07-27 19:22:24,166 INFO Epoch 13/20
2024-07-27 19:22:24,166 INFO Train Loss: 0.4053, Train Dice: 0.7626
2024-07-27 19:22:24,167 INFO Val Loss: 0.3145, Val Dice: 0.8415
2024-07-27 19:22:24,596 INFO New best model saved with Dice score: 0.8415
2024-07-27 19:31:02,600 INFO Epoch 14/20
2024-07-27 19:31:02,600 INFO Train Loss: 0.3995, Train Dice: 0.7659
2024-07-27 19:31:02,601 INFO Val Loss: 0.3373, Val Dice: 0.8408
2024-07-27 19:39:40,539 INFO Epoch 15/20
2024-07-27 19:39:40,539 INFO Train Loss: 0.3937, Train Dice: 0.7711
2024-07-27 19:39:40,539 INFO Val Loss: 0.3254, Val Dice: 0.8410
2024-07-27 19:48:18,625 INFO Epoch 16/20
2024-07-27 19:48:18,625 INFO Train Loss: 0.3903, Train Dice: 0.7696
2024-07-27 19:48:18,625 INFO Val Loss: 0.3253, Val Dice: 0.8482
2024-07-27 19:48:19,058 INFO New best model saved with Dice score: 0.8482
2024-07-27 19:56:57,546 INFO Epoch 17/20
2024-07-27 19:56:57,546 INFO Train Loss: 0.3881, Train Dice: 0.7696
2024-07-27 19:56:57,546 INFO Val Loss: 0.3360, Val Dice: 0.8217
2024-07-27 20:05:35,922 INFO Epoch 18/20
2024-07-27 20:05:35,923 INFO Train Loss: 0.3818, Train Dice: 0.7740
2024-07-27 20:05:35,924 INFO Val Loss: 0.3193, Val Dice: 0.8486
2024-07-27 20:05:36,361 INFO New best model saved with Dice score: 0.8486
2024-07-27 20:14:14,835 INFO Epoch 19/20
2024-07-27 20:14:14,835 INFO Train Loss: 0.3757, Train Dice: 0.7792
2024-07-27 20:14:14,835 INFO Val Loss: 0.3295, Val Dice: 0.8443
2024-07-27 20:22:53,010 INFO Epoch 20/20
2024-07-27 20:22:53,010 INFO Train Loss: 0.3720, Train Dice: 0.7815
2024-07-27 20:22:53,010 INFO Val Loss: 0.3116, Val Dice: 0.8437
2024-07-27 20:22:53,202 INFO Starting ResNet34-UNet training
2024-07-27 20:25:50,664 INFO Epoch 1/50
2024-07-27 20:25:50,664 INFO Train Loss: 0.5267, Train Dice: 0.6660
2024-07-27 20:25:50,664 INFO Val Loss: 0.4718, Val Dice: 0.7049
2024-07-27 20:25:51,125 INFO New best model saved with Dice score: 0.7049
2024-07-27 20:28:47,949 INFO Epoch 2/50
2024-07-27 20:28:47,949 INFO Train Loss: 0.4940, Train Dice: 0.7000
2024-07-27 20:28:47,949 INFO Val Loss: 0.4257, Val Dice: 0.7529
2024-07-27 20:28:48,411 INFO New best model saved with Dice score: 0.7529
2024-07-27 20:31:45,396 INFO Epoch 3/50
2024-07-27 20:31:45,396 INFO Train Loss: 0.4787, Train Dice: 0.7142
2024-07-27 20:31:45,396 INFO Val Loss: 0.4153, Val Dice: 0.7659
2024-07-27 20:31:45,856 INFO New best model saved with Dice score: 0.7659
2024-07-27 20:34:42,833 INFO Epoch 4/50
2024-07-27 20:34:42,835 INFO Train Loss: 0.4610, Train Dice: 0.7273
2024-07-27 20:34:42,835 INFO Val Loss: 0.4052, Val Dice: 0.7513
2024-07-27 20:37:39,882 INFO Epoch 5/50
2024-07-27 20:37:39,882 INFO Train Loss: 0.4427, Train Dice: 0.7413
2024-07-27 20:37:39,883 INFO Val Loss: 0.4194, Val Dice: 0.7629
2024-07-27 20:40:36,905 INFO Epoch 6/50
2024-07-27 20:40:36,905 INFO Train Loss: 0.4241, Train Dice: 0.7517
2024-07-27 20:40:36,906 INFO Val Loss: 0.3820, Val Dice: 0.7634
2024-07-27 20:43:33,908 INFO Epoch 7/50
2024-07-27 20:43:33,909 INFO Train Loss: 0.4077, Train Dice: 0.7574
2024-07-27 20:43:33,909 INFO Val Loss: 0.3472, Val Dice: 0.7881
2024-07-27 20:43:34,381 INFO New best model saved with Dice score: 0.7881
2024-07-27 20:46:31,442 INFO Epoch 8/50
2024-07-27 20:46:31,442 INFO Train Loss: 0.3952, Train Dice: 0.7612
2024-07-27 20:46:31,442 INFO Val Loss: 0.3776, Val Dice: 0.7683
2024-07-27 20:49:28,465 INFO Epoch 9/50
2024-07-27 20:49:28,466 INFO Train Loss: 0.3866, Train Dice: 0.7655
2024-07-27 20:49:28,467 INFO Val Loss: 0.3539, Val Dice: 0.7799
2024-07-27 20:52:25,425 INFO Epoch 10/50
2024-07-27 20:52:25,425 INFO Train Loss: 0.3757, Train Dice: 0.7694
2024-07-27 20:52:25,426 INFO Val Loss: 0.3484, Val Dice: 0.7611
2024-07-27 20:55:22,441 INFO Epoch 11/50
2024-07-27 20:55:22,441 INFO Train Loss: 0.3666, Train Dice: 0.7746
2024-07-27 20:55:22,441 INFO Val Loss: 0.3226, Val Dice: 0.8117
2024-07-27 20:55:22,914 INFO New best model saved with Dice score: 0.8117
2024-07-27 20:58:20,064 INFO Epoch 12/50
2024-07-27 20:58:20,064 INFO Train Loss: 0.3634, Train Dice: 0.7753
2024-07-27 20:58:20,064 INFO Val Loss: 0.3365, Val Dice: 0.7907
2024-07-27 21:01:17,120 INFO Epoch 13/50
2024-07-27 21:01:17,120 INFO Train Loss: 0.3528, Train Dice: 0.7814
2024-07-27 21:01:17,121 INFO Val Loss: 0.3128, Val Dice: 0.8253
2024-07-27 21:01:17,584 INFO New best model saved with Dice score: 0.8253
2024-07-27 21:04:14,792 INFO Epoch 14/50
2024-07-27 21:04:14,794 INFO Train Loss: 0.3471, Train Dice: 0.7846
2024-07-27 21:04:14,795 INFO Val Loss: 0.3123, Val Dice: 0.8179
2024-07-27 21:07:11,875 INFO Epoch 15/50
2024-07-27 21:07:11,876 INFO Train Loss: 0.3428, Train Dice: 0.7856
2024-07-27 21:07:11,876 INFO Val Loss: 0.3437, Val Dice: 0.7822
2024-07-27 21:10:08,982 INFO Epoch 16/50
2024-07-27 21:10:08,982 INFO Train Loss: 0.3377, Train Dice: 0.7886
2024-07-27 21:10:08,982 INFO Val Loss: 0.3344, Val Dice: 0.7734
2024-07-27 21:13:06,006 INFO Epoch 17/50
2024-07-27 21:13:06,006 INFO Train Loss: 0.3335, Train Dice: 0.7901
2024-07-27 21:13:06,006 INFO Val Loss: 0.3108, Val Dice: 0.8129
2024-07-27 21:16:03,041 INFO Epoch 18/50
2024-07-27 21:16:03,042 INFO Train Loss: 0.3271, Train Dice: 0.7923
2024-07-27 21:16:03,042 INFO Val Loss: 0.3159, Val Dice: 0.7980
2024-07-27 21:19:00,078 INFO Epoch 19/50
2024-07-27 21:19:00,078 INFO Train Loss: 0.3204, Train Dice: 0.7972
2024-07-27 21:19:00,078 INFO Val Loss: 0.3180, Val Dice: 0.8079
2024-07-27 21:21:57,160 INFO Epoch 20/50
2024-07-27 21:21:57,160 INFO Train Loss: 0.3186, Train Dice: 0.7964
2024-07-27 21:21:57,160 INFO Val Loss: 0.3169, Val Dice: 0.7833
2024-07-27 21:24:53,963 INFO Epoch 21/50
2024-07-27 21:24:53,966 INFO Train Loss: 0.3097, Train Dice: 0.8020
2024-07-27 21:24:53,966 INFO Val Loss: 0.3171, Val Dice: 0.7875
2024-07-27 21:27:49,976 INFO Epoch 22/50
2024-07-27 21:27:49,978 INFO Train Loss: 0.3063, Train Dice: 0.8066
2024-07-27 21:27:49,978 INFO Val Loss: 0.3133, Val Dice: 0.7887
2024-07-27 21:30:45,906 INFO Epoch 23/50
2024-07-27 21:30:45,906 INFO Train Loss: 0.3020, Train Dice: 0.8088
2024-07-27 21:30:45,906 INFO Val Loss: 0.2952, Val Dice: 0.8152
2024-07-27 21:33:42,665 INFO Epoch 24/50
2024-07-27 21:33:42,667 INFO Train Loss: 0.2959, Train Dice: 0.8138
2024-07-27 21:33:42,667 INFO Val Loss: 0.3361, Val Dice: 0.7677
2024-07-27 21:36:39,446 INFO Epoch 25/50
2024-07-27 21:36:39,446 INFO Train Loss: 0.2876, Train Dice: 0.8215
2024-07-27 21:36:39,446 INFO Val Loss: 0.3000, Val Dice: 0.8168
2024-07-27 21:39:36,189 INFO Epoch 26/50
2024-07-27 21:39:36,191 INFO Train Loss: 0.2832, Train Dice: 0.8250
2024-07-27 21:39:36,191 INFO Val Loss: 0.3205, Val Dice: 0.7993
2024-07-27 21:42:32,965 INFO Epoch 27/50
2024-07-27 21:42:32,965 INFO Train Loss: 0.2760, Train Dice: 0.8324
2024-07-27 21:42:32,965 INFO Val Loss: 0.3255, Val Dice: 0.7882
2024-07-27 21:45:29,623 INFO Epoch 28/50
2024-07-27 21:45:29,623 INFO Train Loss: 0.2655, Train Dice: 0.8408
2024-07-27 21:45:29,623 INFO Val Loss: 0.2782, Val Dice: 0.8530
2024-07-27 21:45:30,103 INFO New best model saved with Dice score: 0.8530
2024-07-27 21:48:26,659 INFO Epoch 29/50
2024-07-27 21:48:26,661 INFO Train Loss: 0.2550, Train Dice: 0.8482
2024-07-27 21:48:26,661 INFO Val Loss: 0.3438, Val Dice: 0.7655
2024-07-27 21:51:23,349 INFO Epoch 30/50
2024-07-27 21:51:23,349 INFO Train Loss: 0.2479, Train Dice: 0.8545
2024-07-27 21:51:23,349 INFO Val Loss: 0.3523, Val Dice: 0.7771
2024-07-27 21:54:20,106 INFO Epoch 31/50
2024-07-27 21:54:20,108 INFO Train Loss: 0.2354, Train Dice: 0.8634
2024-07-27 21:54:20,108 INFO Val Loss: 0.3575, Val Dice: 0.7796
2024-07-27 21:57:17,066 INFO Epoch 32/50
2024-07-27 21:57:17,066 INFO Train Loss: 0.2246, Train Dice: 0.8708
2024-07-27 21:57:17,066 INFO Val Loss: 0.3568, Val Dice: 0.7922
2024-07-27 22:00:13,899 INFO Epoch 33/50
2024-07-27 22:00:13,900 INFO Train Loss: 0.2148, Train Dice: 0.8781
2024-07-27 22:00:13,900 INFO Val Loss: 0.3260, Val Dice: 0.8061
2024-07-27 22:03:10,906 INFO Epoch 34/50
2024-07-27 22:03:10,907 INFO Train Loss: 0.2090, Train Dice: 0.8825
2024-07-27 22:03:10,907 INFO Val Loss: 0.3411, Val Dice: 0.7939
2024-07-27 22:06:07,760 INFO Epoch 35/50
2024-07-27 22:06:07,760 INFO Train Loss: 0.1990, Train Dice: 0.8876
2024-07-27 22:06:07,761 INFO Val Loss: 0.3379, Val Dice: 0.7980
2024-07-27 22:09:04,613 INFO Epoch 36/50
2024-07-27 22:09:04,614 INFO Train Loss: 0.1917, Train Dice: 0.8927
2024-07-27 22:09:04,614 INFO Val Loss: 0.3132, Val Dice: 0.8249
2024-07-27 22:12:01,154 INFO Epoch 37/50
2024-07-27 22:12:01,156 INFO Train Loss: 0.1814, Train Dice: 0.8993
2024-07-27 22:12:01,156 INFO Val Loss: 0.3749, Val Dice: 0.7834
2024-07-27 22:14:57,905 INFO Epoch 38/50
2024-07-27 22:14:57,905 INFO Train Loss: 0.1744, Train Dice: 0.9039
2024-07-27 22:14:57,905 INFO Val Loss: 0.3694, Val Dice: 0.7918
2024-07-27 22:17:54,421 INFO Epoch 39/50
2024-07-27 22:17:54,422 INFO Train Loss: 0.1699, Train Dice: 0.9064
2024-07-27 22:17:54,422 INFO Val Loss: 0.3988, Val Dice: 0.7698
2024-07-27 22:20:51,450 INFO Epoch 40/50
2024-07-27 22:20:51,452 INFO Train Loss: 0.1622, Train Dice: 0.9114
2024-07-27 22:20:51,452 INFO Val Loss: 0.3550, Val Dice: 0.8105
2024-07-27 22:23:48,427 INFO Epoch 41/50
2024-07-27 22:23:48,428 INFO Train Loss: 0.1575, Train Dice: 0.9141
2024-07-27 22:23:48,428 INFO Val Loss: 0.3992, Val Dice: 0.7883
2024-07-27 22:26:45,398 INFO Epoch 42/50
2024-07-27 22:26:45,398 INFO Train Loss: 0.1505, Train Dice: 0.9182
2024-07-27 22:26:45,399 INFO Val Loss: 0.4678, Val Dice: 0.7571
2024-07-27 22:29:42,248 INFO Epoch 43/50
2024-07-27 22:29:42,249 INFO Train Loss: 0.1517, Train Dice: 0.9181
2024-07-27 22:29:42,249 INFO Val Loss: 0.4420, Val Dice: 0.7832
2024-07-27 22:32:39,713 INFO Epoch 44/50
2024-07-27 22:32:39,713 INFO Train Loss: 0.1376, Train Dice: 0.9250
2024-07-27 22:32:39,714 INFO Val Loss: 0.3977, Val Dice: 0.7915
2024-07-27 22:35:36,409 INFO Epoch 45/50
2024-07-27 22:35:36,410 INFO Train Loss: 0.1354, Train Dice: 0.9265
2024-07-27 22:35:36,410 INFO Val Loss: 0.4241, Val Dice: 0.7895
2024-07-27 22:38:34,885 INFO Epoch 46/50
2024-07-27 22:38:34,886 INFO Train Loss: 0.1346, Train Dice: 0.9268
2024-07-27 22:38:34,886 INFO Val Loss: 0.4261, Val Dice: 0.7871
2024-07-27 22:41:32,117 INFO Epoch 47/50
2024-07-27 22:41:32,117 INFO Train Loss: 0.1304, Train Dice: 0.9295
2024-07-27 22:41:32,117 INFO Val Loss: 0.4036, Val Dice: 0.7936
2024-07-27 22:44:28,905 INFO Epoch 48/50
2024-07-27 22:44:28,906 INFO Train Loss: 0.1260, Train Dice: 0.9318
2024-07-27 22:44:28,906 INFO Val Loss: 0.4127, Val Dice: 0.8070
2024-07-27 22:47:25,649 INFO Epoch 49/50
2024-07-27 22:47:25,650 INFO Train Loss: 0.1200, Train Dice: 0.9351
2024-07-27 22:47:25,650 INFO Val Loss: 0.4251, Val Dice: 0.7944
2024-07-27 22:50:22,411 INFO Epoch 50/50
2024-07-27 22:50:22,411 INFO Train Loss: 0.1189, Train Dice: 0.9357
2024-07-27 22:50:22,411 INFO Val Loss: 0.4351, Val Dice: 0.7933
2024-07-27 22:50:22,472 INFO Training completed
2024-07-27 23:03:22,928 INFO Using device: mps
2024-07-27 23:03:22,929 INFO Starting UNet training
2024-07-27 23:12:03,646 INFO Epoch 1/50
2024-07-27 23:12:03,646 INFO Train Loss: 0.5550, Train Dice: 0.6498
2024-07-27 23:12:03,647 INFO Val Loss: 0.4911, Val Dice: 0.6976
2024-07-27 23:12:04,088 INFO New best model saved with Dice score: 0.6976
2024-07-27 23:20:43,531 INFO Epoch 2/50
2024-07-27 23:20:43,532 INFO Train Loss: 0.5096, Train Dice: 0.6927
2024-07-27 23:20:43,532 INFO Val Loss: 0.4379, Val Dice: 0.7551
2024-07-27 23:20:43,969 INFO New best model saved with Dice score: 0.7551
2024-07-27 23:29:23,203 INFO Epoch 3/50
2024-07-27 23:29:23,204 INFO Train Loss: 0.4929, Train Dice: 0.7047
2024-07-27 23:29:23,204 INFO Val Loss: 0.4127, Val Dice: 0.7757
2024-07-27 23:29:23,635 INFO New best model saved with Dice score: 0.7757
2024-07-27 23:38:02,863 INFO Epoch 4/50
2024-07-27 23:38:02,864 INFO Train Loss: 0.4808, Train Dice: 0.7146
2024-07-27 23:38:02,864 INFO Val Loss: 0.4007, Val Dice: 0.7898
2024-07-27 23:38:03,301 INFO New best model saved with Dice score: 0.7898
2024-07-27 23:46:42,726 INFO Epoch 5/50
2024-07-27 23:46:42,726 INFO Train Loss: 0.4771, Train Dice: 0.7183
2024-07-27 23:46:42,726 INFO Val Loss: 0.3870, Val Dice: 0.7981
2024-07-27 23:46:43,162 INFO New best model saved with Dice score: 0.7981
2024-07-27 23:55:22,453 INFO Epoch 6/50
2024-07-27 23:55:22,453 INFO Train Loss: 0.4705, Train Dice: 0.7243
2024-07-27 23:55:22,453 INFO Val Loss: 0.3747, Val Dice: 0.7969
2024-07-28 00:04:01,847 INFO Epoch 7/50
2024-07-28 00:04:01,847 INFO Train Loss: 0.4544, Train Dice: 0.7372
2024-07-28 00:04:01,847 INFO Val Loss: 0.3587, Val Dice: 0.8114
2024-07-28 00:04:02,285 INFO New best model saved with Dice score: 0.8114
2024-07-28 00:12:41,504 INFO Epoch 8/50
2024-07-28 00:12:41,504 INFO Train Loss: 0.4439, Train Dice: 0.7440
2024-07-28 00:12:41,504 INFO Val Loss: 0.3412, Val Dice: 0.8223
2024-07-28 00:12:41,940 INFO New best model saved with Dice score: 0.8223
2024-07-28 00:21:21,435 INFO Epoch 9/50
2024-07-28 00:21:21,435 INFO Train Loss: 0.4347, Train Dice: 0.7498
2024-07-28 00:21:21,435 INFO Val Loss: 0.3548, Val Dice: 0.8143
2024-07-28 00:30:00,916 INFO Epoch 10/50
2024-07-28 00:30:00,916 INFO Train Loss: 0.4229, Train Dice: 0.7581
2024-07-28 00:30:00,916 INFO Val Loss: 0.3385, Val Dice: 0.8315
2024-07-28 00:30:01,347 INFO New best model saved with Dice score: 0.8315
2024-07-28 00:38:40,885 INFO Epoch 11/50
2024-07-28 00:38:40,885 INFO Train Loss: 0.4182, Train Dice: 0.7598
2024-07-28 00:38:40,885 INFO Val Loss: 0.3252, Val Dice: 0.8421
2024-07-28 00:38:41,317 INFO New best model saved with Dice score: 0.8421
2024-07-28 00:47:20,925 INFO Epoch 12/50
2024-07-28 00:47:20,926 INFO Train Loss: 0.4149, Train Dice: 0.7574
2024-07-28 00:47:20,926 INFO Val Loss: 0.3163, Val Dice: 0.8468
2024-07-28 00:47:21,353 INFO New best model saved with Dice score: 0.8468
2024-07-28 00:56:00,804 INFO Epoch 13/50
2024-07-28 00:56:00,805 INFO Train Loss: 0.4075, Train Dice: 0.7639
2024-07-28 00:56:00,805 INFO Val Loss: 0.3324, Val Dice: 0.8245
2024-07-28 01:04:40,202 INFO Epoch 14/50
2024-07-28 01:04:40,203 INFO Train Loss: 0.4026, Train Dice: 0.7677
2024-07-28 01:04:40,203 INFO Val Loss: 0.3332, Val Dice: 0.8525
2024-07-28 01:04:40,637 INFO New best model saved with Dice score: 0.8525
2024-07-28 01:13:20,103 INFO Epoch 15/50
2024-07-28 01:13:20,103 INFO Train Loss: 0.4014, Train Dice: 0.7665
2024-07-28 01:13:20,103 INFO Val Loss: 0.3373, Val Dice: 0.8319
2024-07-28 01:21:59,658 INFO Epoch 16/50
2024-07-28 01:21:59,658 INFO Train Loss: 0.3928, Train Dice: 0.7709
2024-07-28 01:21:59,658 INFO Val Loss: 0.3063, Val Dice: 0.8565
2024-07-28 01:22:00,088 INFO New best model saved with Dice score: 0.8565
2024-07-28 01:30:39,649 INFO Epoch 17/50
2024-07-28 01:30:39,650 INFO Train Loss: 0.3953, Train Dice: 0.7691
2024-07-28 01:30:39,650 INFO Val Loss: 0.3172, Val Dice: 0.8488
2024-07-28 01:39:19,294 INFO Epoch 18/50
2024-07-28 01:39:19,294 INFO Train Loss: 0.3892, Train Dice: 0.7728
2024-07-28 01:39:19,294 INFO Val Loss: 0.3068, Val Dice: 0.8452
2024-07-28 01:47:58,820 INFO Epoch 19/50
2024-07-28 01:47:58,820 INFO Train Loss: 0.3855, Train Dice: 0.7749
2024-07-28 01:47:58,820 INFO Val Loss: 0.2997, Val Dice: 0.8610
2024-07-28 01:47:59,257 INFO New best model saved with Dice score: 0.8610
2024-07-28 01:56:38,760 INFO Epoch 20/50
2024-07-28 01:56:38,760 INFO Train Loss: 0.3839, Train Dice: 0.7763
2024-07-28 01:56:38,760 INFO Val Loss: 0.3115, Val Dice: 0.8441
2024-07-28 02:05:17,822 INFO Epoch 21/50
2024-07-28 02:05:17,823 INFO Train Loss: 0.3807, Train Dice: 0.7769
2024-07-28 02:05:17,823 INFO Val Loss: 0.3228, Val Dice: 0.8326
2024-07-28 02:13:56,934 INFO Epoch 22/50
2024-07-28 02:13:56,934 INFO Train Loss: 0.3752, Train Dice: 0.7801
2024-07-28 02:13:56,934 INFO Val Loss: 0.2881, Val Dice: 0.8585
2024-07-28 02:22:35,950 INFO Epoch 23/50
2024-07-28 02:22:35,950 INFO Train Loss: 0.3718, Train Dice: 0.7816
2024-07-28 02:22:35,950 INFO Val Loss: 0.2959, Val Dice: 0.8578
2024-07-28 02:31:14,930 INFO Epoch 24/50
2024-07-28 02:31:14,930 INFO Train Loss: 0.3686, Train Dice: 0.7840
2024-07-28 02:31:14,930 INFO Val Loss: 0.3088, Val Dice: 0.8430
2024-07-28 02:39:53,987 INFO Epoch 25/50
2024-07-28 02:39:53,987 INFO Train Loss: 0.3651, Train Dice: 0.7877
2024-07-28 02:39:53,987 INFO Val Loss: 0.2769, Val Dice: 0.8620
2024-07-28 02:39:54,424 INFO New best model saved with Dice score: 0.8620
2024-07-28 02:48:33,514 INFO Epoch 26/50
2024-07-28 02:48:33,514 INFO Train Loss: 0.3590, Train Dice: 0.7865
2024-07-28 02:48:33,515 INFO Val Loss: 0.2993, Val Dice: 0.8583
2024-07-28 02:57:12,607 INFO Epoch 27/50
2024-07-28 02:57:12,607 INFO Train Loss: 0.3553, Train Dice: 0.7879
2024-07-28 02:57:12,608 INFO Val Loss: 0.3013, Val Dice: 0.8652
2024-07-28 02:57:13,047 INFO New best model saved with Dice score: 0.8652
2024-07-28 03:05:52,010 INFO Epoch 28/50
2024-07-28 03:05:52,010 INFO Train Loss: 0.3519, Train Dice: 0.7931
2024-07-28 03:05:52,010 INFO Val Loss: 0.2672, Val Dice: 0.8729
2024-07-28 03:05:52,442 INFO New best model saved with Dice score: 0.8729
2024-07-28 03:14:31,578 INFO Epoch 29/50
2024-07-28 03:14:31,578 INFO Train Loss: 0.3470, Train Dice: 0.7960
2024-07-28 03:14:31,578 INFO Val Loss: 0.2680, Val Dice: 0.8769
2024-07-28 03:14:32,018 INFO New best model saved with Dice score: 0.8769
2024-07-28 03:23:11,062 INFO Epoch 30/50
2024-07-28 03:23:11,063 INFO Train Loss: 0.3454, Train Dice: 0.7962
2024-07-28 03:23:11,063 INFO Val Loss: 0.2929, Val Dice: 0.8555
2024-07-28 03:31:49,901 INFO Epoch 31/50
2024-07-28 03:31:49,901 INFO Train Loss: 0.3445, Train Dice: 0.7959
2024-07-28 03:31:49,901 INFO Val Loss: 0.3072, Val Dice: 0.8478
2024-07-28 03:40:28,858 INFO Epoch 32/50
2024-07-28 03:40:28,858 INFO Train Loss: 0.3379, Train Dice: 0.8004
2024-07-28 03:40:28,858 INFO Val Loss: 0.3068, Val Dice: 0.8320
2024-07-28 03:49:08,028 INFO Epoch 33/50
2024-07-28 03:49:08,030 INFO Train Loss: 0.3340, Train Dice: 0.8005
2024-07-28 03:49:08,030 INFO Val Loss: 0.2661, Val Dice: 0.8745
2024-07-28 03:57:49,177 INFO Epoch 34/50
2024-07-28 03:57:49,178 INFO Train Loss: 0.3304, Train Dice: 0.8060
2024-07-28 03:57:49,178 INFO Val Loss: 0.2758, Val Dice: 0.8648
2024-07-28 04:06:33,096 INFO Epoch 35/50
2024-07-28 04:06:33,096 INFO Train Loss: 0.3264, Train Dice: 0.8064
2024-07-28 04:06:33,096 INFO Val Loss: 0.3016, Val Dice: 0.8516
2024-07-28 04:15:17,007 INFO Epoch 36/50
2024-07-28 04:15:17,007 INFO Train Loss: 0.3234, Train Dice: 0.8079
2024-07-28 04:15:17,008 INFO Val Loss: 0.2856, Val Dice: 0.8502
2024-07-28 04:24:00,825 INFO Epoch 37/50
2024-07-28 04:24:00,825 INFO Train Loss: 0.3180, Train Dice: 0.8115
2024-07-28 04:24:00,825 INFO Val Loss: 0.2794, Val Dice: 0.8617
2024-07-28 04:32:44,812 INFO Epoch 38/50
2024-07-28 04:32:44,812 INFO Train Loss: 0.3145, Train Dice: 0.8149
2024-07-28 04:32:44,812 INFO Val Loss: 0.3012, Val Dice: 0.8436
2024-07-28 04:41:28,527 INFO Epoch 39/50
2024-07-28 04:41:28,527 INFO Train Loss: 0.3043, Train Dice: 0.8228
2024-07-28 04:41:28,527 INFO Val Loss: 0.2807, Val Dice: 0.8589
2024-07-28 04:50:12,453 INFO Epoch 40/50
2024-07-28 04:50:12,453 INFO Train Loss: 0.2996, Train Dice: 0.8224
2024-07-28 04:50:12,453 INFO Val Loss: 0.3040, Val Dice: 0.8323
2024-07-28 04:58:56,062 INFO Epoch 41/50
2024-07-28 04:58:56,062 INFO Train Loss: 0.2899, Train Dice: 0.8332
2024-07-28 04:58:56,063 INFO Val Loss: 0.2769, Val Dice: 0.8594
2024-07-28 05:07:39,818 INFO Epoch 42/50
2024-07-28 05:07:39,818 INFO Train Loss: 0.2859, Train Dice: 0.8359
2024-07-28 05:07:39,819 INFO Val Loss: 0.2941, Val Dice: 0.8394
2024-07-28 05:16:21,977 INFO Epoch 43/50
2024-07-28 05:16:21,978 INFO Train Loss: 0.2759, Train Dice: 0.8432
2024-07-28 05:16:21,978 INFO Val Loss: 0.2877, Val Dice: 0.8488
2024-07-28 05:25:03,794 INFO Epoch 44/50
2024-07-28 05:25:03,794 INFO Train Loss: 0.2683, Train Dice: 0.8478
2024-07-28 05:25:03,794 INFO Val Loss: 0.2731, Val Dice: 0.8576
2024-07-28 05:33:45,493 INFO Epoch 45/50
2024-07-28 05:33:45,493 INFO Train Loss: 0.2592, Train Dice: 0.8541
2024-07-28 05:33:45,493 INFO Val Loss: 0.3554, Val Dice: 0.7870
2024-07-28 05:42:27,177 INFO Epoch 46/50
2024-07-28 05:42:27,178 INFO Train Loss: 0.2454, Train Dice: 0.8627
2024-07-28 05:42:27,178 INFO Val Loss: 0.3414, Val Dice: 0.7890
2024-07-28 05:51:08,735 INFO Epoch 47/50
2024-07-28 05:51:08,736 INFO Train Loss: 0.2344, Train Dice: 0.8694
2024-07-28 05:51:08,736 INFO Val Loss: 0.3321, Val Dice: 0.8135
2024-07-28 05:59:50,128 INFO Epoch 48/50
2024-07-28 05:59:50,128 INFO Train Loss: 0.2270, Train Dice: 0.8757
2024-07-28 05:59:50,129 INFO Val Loss: 0.3262, Val Dice: 0.8175
2024-07-28 06:08:33,831 INFO Epoch 49/50
2024-07-28 06:08:33,831 INFO Train Loss: 0.2175, Train Dice: 0.8806
2024-07-28 06:08:33,832 INFO Val Loss: 0.3131, Val Dice: 0.8211
2024-07-28 06:17:17,509 INFO Epoch 50/50
2024-07-28 06:17:17,509 INFO Train Loss: 0.2105, Train Dice: 0.8846
2024-07-28 06:17:17,509 INFO Val Loss: 0.3379, Val Dice: 0.8083
2024-07-28 06:17:17,707 INFO Training completed
2024-08-28 19:49:06,872 INFO Using device: mps
2024-08-28 19:49:06,874 INFO Starting UNet training
2024-08-30 11:04:10,678 INFO Using device: mps
2024-08-30 11:04:10,678 INFO Starting UNet training
